ARM GAS  /tmp/ccLGEBuN.s 			page 1


   1              		.cpu cortex-m4
   2              		.eabi_attribute 27, 1
   3              		.eabi_attribute 28, 1
   4              		.eabi_attribute 20, 1
   5              		.eabi_attribute 21, 1
   6              		.eabi_attribute 23, 3
   7              		.eabi_attribute 24, 1
   8              		.eabi_attribute 25, 1
   9              		.eabi_attribute 26, 1
  10              		.eabi_attribute 30, 1
  11              		.eabi_attribute 34, 1
  12              		.eabi_attribute 18, 4
  13              		.file	"gpio.c"
  14              		.text
  15              	.Ltext0:
  16              		.cfi_sections	.debug_frame
  17              		.section	.text.MX_GPIO_Init,"ax",%progbits
  18              		.align	1
  19              		.global	MX_GPIO_Init
  20              		.arch armv7e-m
  21              		.syntax unified
  22              		.thumb
  23              		.thumb_func
  24              		.fpu fpv4-sp-d16
  26              	MX_GPIO_Init:
  27              	.LFB130:
  28              		.file 1 "Src/gpio.c"
   1:Src/gpio.c    **** /**
   2:Src/gpio.c    ****   ******************************************************************************
   3:Src/gpio.c    ****   * File Name          : gpio.c
   4:Src/gpio.c    ****   * Description        : This file provides code for the configuration
   5:Src/gpio.c    ****   *                      of all used GPIO pins.
   6:Src/gpio.c    ****   ******************************************************************************
   7:Src/gpio.c    ****   * @attention
   8:Src/gpio.c    ****   *
   9:Src/gpio.c    ****   * <h2><center>&copy; Copyright (c) 2020 STMicroelectronics.
  10:Src/gpio.c    ****   * All rights reserved.</center></h2>
  11:Src/gpio.c    ****   *
  12:Src/gpio.c    ****   * This software component is licensed by ST under BSD 3-Clause license,
  13:Src/gpio.c    ****   * the "License"; You may not use this file except in compliance with the
  14:Src/gpio.c    ****   * License. You may obtain a copy of the License at:
  15:Src/gpio.c    ****   *                        opensource.org/licenses/BSD-3-Clause
  16:Src/gpio.c    ****   *
  17:Src/gpio.c    ****   ******************************************************************************
  18:Src/gpio.c    ****   */
  19:Src/gpio.c    **** 
  20:Src/gpio.c    **** /* Includes ------------------------------------------------------------------*/
  21:Src/gpio.c    **** #include "gpio.h"
  22:Src/gpio.c    **** /* USER CODE BEGIN 0 */
  23:Src/gpio.c    **** 
  24:Src/gpio.c    **** /* USER CODE END 0 */
  25:Src/gpio.c    **** 
  26:Src/gpio.c    **** /*----------------------------------------------------------------------------*/
  27:Src/gpio.c    **** /* Configure GPIO                                                             */
  28:Src/gpio.c    **** /*----------------------------------------------------------------------------*/
  29:Src/gpio.c    **** /* USER CODE BEGIN 1 */
  30:Src/gpio.c    **** 
ARM GAS  /tmp/ccLGEBuN.s 			page 2


  31:Src/gpio.c    **** /* USER CODE END 1 */
  32:Src/gpio.c    **** 
  33:Src/gpio.c    **** /** Configure pins as 
  34:Src/gpio.c    ****         * Analog 
  35:Src/gpio.c    ****         * Input 
  36:Src/gpio.c    ****         * Output
  37:Src/gpio.c    ****         * EVENT_OUT
  38:Src/gpio.c    ****         * EXTI
  39:Src/gpio.c    **** */
  40:Src/gpio.c    **** void MX_GPIO_Init(void)
  41:Src/gpio.c    **** {
  29              		.loc 1 41 1 view -0
  30              		.cfi_startproc
  31              		@ args = 0, pretend = 0, frame = 32
  32              		@ frame_needed = 0, uses_anonymous_args = 0
  33 0000 30B5     		push	{r4, r5, lr}
  34              	.LCFI0:
  35              		.cfi_def_cfa_offset 12
  36              		.cfi_offset 4, -12
  37              		.cfi_offset 5, -8
  38              		.cfi_offset 14, -4
  39 0002 89B0     		sub	sp, sp, #36
  40              	.LCFI1:
  41              		.cfi_def_cfa_offset 48
  42:Src/gpio.c    **** 
  43:Src/gpio.c    ****   GPIO_InitTypeDef GPIO_InitStruct = {0};
  42              		.loc 1 43 3 view .LVU1
  43              		.loc 1 43 20 is_stmt 0 view .LVU2
  44 0004 0024     		movs	r4, #0
  45 0006 0394     		str	r4, [sp, #12]
  46 0008 0494     		str	r4, [sp, #16]
  47 000a 0594     		str	r4, [sp, #20]
  48 000c 0694     		str	r4, [sp, #24]
  49 000e 0794     		str	r4, [sp, #28]
  44:Src/gpio.c    **** 
  45:Src/gpio.c    ****   /* GPIO Ports Clock Enable */
  46:Src/gpio.c    ****   __HAL_RCC_GPIOC_CLK_ENABLE();
  50              		.loc 1 46 3 is_stmt 1 view .LVU3
  51              	.LBB2:
  52              		.loc 1 46 3 view .LVU4
  53              		.loc 1 46 3 view .LVU5
  54 0010 164B     		ldr	r3, .L3
  55 0012 DA6C     		ldr	r2, [r3, #76]
  56 0014 42F00402 		orr	r2, r2, #4
  57 0018 DA64     		str	r2, [r3, #76]
  58              		.loc 1 46 3 view .LVU6
  59 001a DA6C     		ldr	r2, [r3, #76]
  60 001c 02F00402 		and	r2, r2, #4
  61 0020 0092     		str	r2, [sp]
  62              		.loc 1 46 3 view .LVU7
  63 0022 009A     		ldr	r2, [sp]
  64              	.LBE2:
  65              		.loc 1 46 3 view .LVU8
  47:Src/gpio.c    ****   __HAL_RCC_GPIOA_CLK_ENABLE();
  66              		.loc 1 47 3 view .LVU9
  67              	.LBB3:
  68              		.loc 1 47 3 view .LVU10
ARM GAS  /tmp/ccLGEBuN.s 			page 3


  69              		.loc 1 47 3 view .LVU11
  70 0024 DA6C     		ldr	r2, [r3, #76]
  71 0026 42F00102 		orr	r2, r2, #1
  72 002a DA64     		str	r2, [r3, #76]
  73              		.loc 1 47 3 view .LVU12
  74 002c DA6C     		ldr	r2, [r3, #76]
  75 002e 02F00102 		and	r2, r2, #1
  76 0032 0192     		str	r2, [sp, #4]
  77              		.loc 1 47 3 view .LVU13
  78 0034 019A     		ldr	r2, [sp, #4]
  79              	.LBE3:
  80              		.loc 1 47 3 view .LVU14
  48:Src/gpio.c    ****   __HAL_RCC_GPIOB_CLK_ENABLE();
  81              		.loc 1 48 3 view .LVU15
  82              	.LBB4:
  83              		.loc 1 48 3 view .LVU16
  84              		.loc 1 48 3 view .LVU17
  85 0036 DA6C     		ldr	r2, [r3, #76]
  86 0038 42F00202 		orr	r2, r2, #2
  87 003c DA64     		str	r2, [r3, #76]
  88              		.loc 1 48 3 view .LVU18
  89 003e DB6C     		ldr	r3, [r3, #76]
  90 0040 03F00203 		and	r3, r3, #2
  91 0044 0293     		str	r3, [sp, #8]
  92              		.loc 1 48 3 view .LVU19
  93 0046 029B     		ldr	r3, [sp, #8]
  94              	.LBE4:
  95              		.loc 1 48 3 view .LVU20
  49:Src/gpio.c    **** 
  50:Src/gpio.c    ****   /*Configure GPIO pin Output Level */
  51:Src/gpio.c    ****   HAL_GPIO_WritePin(LD3_GPIO_Port, LD3_Pin, GPIO_PIN_RESET);
  96              		.loc 1 51 3 view .LVU21
  97 0048 094D     		ldr	r5, .L3+4
  98 004a 2246     		mov	r2, r4
  99 004c 0821     		movs	r1, #8
 100 004e 2846     		mov	r0, r5
 101 0050 FFF7FEFF 		bl	HAL_GPIO_WritePin
 102              	.LVL0:
  52:Src/gpio.c    **** 
  53:Src/gpio.c    ****   /*Configure GPIO pin : PtPin */
  54:Src/gpio.c    ****   GPIO_InitStruct.Pin = LD3_Pin;
 103              		.loc 1 54 3 view .LVU22
 104              		.loc 1 54 23 is_stmt 0 view .LVU23
 105 0054 0823     		movs	r3, #8
 106 0056 0393     		str	r3, [sp, #12]
  55:Src/gpio.c    ****   GPIO_InitStruct.Mode = GPIO_MODE_OUTPUT_PP;
 107              		.loc 1 55 3 is_stmt 1 view .LVU24
 108              		.loc 1 55 24 is_stmt 0 view .LVU25
 109 0058 0123     		movs	r3, #1
 110 005a 0493     		str	r3, [sp, #16]
  56:Src/gpio.c    ****   GPIO_InitStruct.Pull = GPIO_NOPULL;
 111              		.loc 1 56 3 is_stmt 1 view .LVU26
 112              		.loc 1 56 24 is_stmt 0 view .LVU27
 113 005c 0594     		str	r4, [sp, #20]
  57:Src/gpio.c    ****   GPIO_InitStruct.Speed = GPIO_SPEED_FREQ_LOW;
 114              		.loc 1 57 3 is_stmt 1 view .LVU28
 115              		.loc 1 57 25 is_stmt 0 view .LVU29
ARM GAS  /tmp/ccLGEBuN.s 			page 4


 116 005e 0694     		str	r4, [sp, #24]
  58:Src/gpio.c    ****   HAL_GPIO_Init(LD3_GPIO_Port, &GPIO_InitStruct);
 117              		.loc 1 58 3 is_stmt 1 view .LVU30
 118 0060 03A9     		add	r1, sp, #12
 119 0062 2846     		mov	r0, r5
 120 0064 FFF7FEFF 		bl	HAL_GPIO_Init
 121              	.LVL1:
  59:Src/gpio.c    **** 
  60:Src/gpio.c    **** }
 122              		.loc 1 60 1 is_stmt 0 view .LVU31
 123 0068 09B0     		add	sp, sp, #36
 124              	.LCFI2:
 125              		.cfi_def_cfa_offset 12
 126              		@ sp needed
 127 006a 30BD     		pop	{r4, r5, pc}
 128              	.L4:
 129              		.align	2
 130              	.L3:
 131 006c 00100240 		.word	1073876992
 132 0070 00040048 		.word	1207960576
 133              		.cfi_endproc
 134              	.LFE130:
 136              		.text
 137              	.Letext0:
 138              		.file 2 "/usr/arm-none-eabi/include/machine/_default_types.h"
 139              		.file 3 "/usr/arm-none-eabi/include/sys/_stdint.h"
 140              		.file 4 "Drivers/CMSIS/Device/ST/STM32L4xx/Include/stm32l432xx.h"
 141              		.file 5 "Drivers/STM32L4xx_HAL_Driver/Inc/stm32l4xx_hal_gpio.h"
ARM GAS  /tmp/ccLGEBuN.s 			page 5


DEFINED SYMBOLS
                            *ABS*:0000000000000000 gpio.c
     /tmp/ccLGEBuN.s:18     .text.MX_GPIO_Init:0000000000000000 $t
     /tmp/ccLGEBuN.s:26     .text.MX_GPIO_Init:0000000000000000 MX_GPIO_Init
     /tmp/ccLGEBuN.s:131    .text.MX_GPIO_Init:000000000000006c $d

UNDEFINED SYMBOLS
HAL_GPIO_WritePin
HAL_GPIO_Init
