ARM GAS  /tmp/ccPUjtHR.s 			page 1


   1              		.cpu cortex-m4
   2              		.eabi_attribute 27, 1
   3              		.eabi_attribute 28, 1
   4              		.eabi_attribute 20, 1
   5              		.eabi_attribute 21, 1
   6              		.eabi_attribute 23, 3
   7              		.eabi_attribute 24, 1
   8              		.eabi_attribute 25, 1
   9              		.eabi_attribute 26, 1
  10              		.eabi_attribute 30, 1
  11              		.eabi_attribute 34, 1
  12              		.eabi_attribute 18, 4
  13              		.file	"PwmDriver.c"
  14              		.text
  15              	.Ltext0:
  16              		.cfi_sections	.debug_frame
  17              		.section	.text.PWMDriver_init,"ax",%progbits
  18              		.align	1
  19              		.global	PWMDriver_init
  20              		.arch armv7e-m
  21              		.syntax unified
  22              		.thumb
  23              		.thumb_func
  24              		.fpu fpv4-sp-d16
  26              	PWMDriver_init:
  27              	.LVL0:
  28              	.LFB133:
  29              		.file 1 "Src/PwmDriver.c"
   1:Src/PwmDriver.c **** #include "tim.h"
   2:Src/PwmDriver.c **** #include "stm32l4xx_hal_tim.h"
   3:Src/PwmDriver.c **** #include "tim.h"
   4:Src/PwmDriver.c **** #include "gpio.h"
   5:Src/PwmDriver.c **** #include "stdio.h"
   6:Src/PwmDriver.c **** #include "retarget.h"
   7:Src/PwmDriver.c **** 
   8:Src/PwmDriver.c **** #define PWM_CHANNEL (TIM_CHANNEL_1)
   9:Src/PwmDriver.c **** 
  10:Src/PwmDriver.c **** void PWMDriver_init(TIM_HandleTypeDef *htim)
  11:Src/PwmDriver.c **** {
  30              		.loc 1 11 1 view -0
  31              		.cfi_startproc
  32              		@ args = 0, pretend = 0, frame = 0
  33              		@ frame_needed = 0, uses_anonymous_args = 0
  34              		@ link register save eliminated.
  12:Src/PwmDriver.c ****   //HAL_TIM_PWM_Init(htim);
  13:Src/PwmDriver.c **** }
  35              		.loc 1 13 1 view .LVU1
  36 0000 7047     		bx	lr
  37              		.cfi_endproc
  38              	.LFE133:
  40              		.section	.text.PWMDriver_Enable,"ax",%progbits
  41              		.align	1
  42              		.global	PWMDriver_Enable
  43              		.syntax unified
  44              		.thumb
  45              		.thumb_func
  46              		.fpu fpv4-sp-d16
ARM GAS  /tmp/ccPUjtHR.s 			page 2


  48              	PWMDriver_Enable:
  49              	.LVL1:
  50              	.LFB134:
  14:Src/PwmDriver.c **** 
  15:Src/PwmDriver.c **** void PWMDriver_Enable(TIM_HandleTypeDef *htim)
  16:Src/PwmDriver.c **** {
  51              		.loc 1 16 1 view -0
  52              		.cfi_startproc
  53              		@ args = 0, pretend = 0, frame = 0
  54              		@ frame_needed = 0, uses_anonymous_args = 0
  55              		.loc 1 16 1 is_stmt 0 view .LVU3
  56 0000 10B5     		push	{r4, lr}
  57              	.LCFI0:
  58              		.cfi_def_cfa_offset 8
  59              		.cfi_offset 4, -8
  60              		.cfi_offset 14, -4
  61 0002 0446     		mov	r4, r0
  17:Src/PwmDriver.c ****   HAL_TIM_Base_Start_IT(htim);
  62              		.loc 1 17 3 is_stmt 1 view .LVU4
  63 0004 FFF7FEFF 		bl	HAL_TIM_Base_Start_IT
  64              	.LVL2:
  18:Src/PwmDriver.c ****   HAL_TIM_PWM_Start_IT(htim, PWM_CHANNEL);
  65              		.loc 1 18 3 view .LVU5
  66 0008 0021     		movs	r1, #0
  67 000a 2046     		mov	r0, r4
  68 000c FFF7FEFF 		bl	HAL_TIM_PWM_Start_IT
  69              	.LVL3:
  19:Src/PwmDriver.c **** }
  70              		.loc 1 19 1 is_stmt 0 view .LVU6
  71 0010 10BD     		pop	{r4, pc}
  72              		.loc 1 19 1 view .LVU7
  73              		.cfi_endproc
  74              	.LFE134:
  76              		.section	.text.PWMDriver_Disable,"ax",%progbits
  77              		.align	1
  78              		.global	PWMDriver_Disable
  79              		.syntax unified
  80              		.thumb
  81              		.thumb_func
  82              		.fpu fpv4-sp-d16
  84              	PWMDriver_Disable:
  85              	.LVL4:
  86              	.LFB135:
  20:Src/PwmDriver.c **** 
  21:Src/PwmDriver.c **** void PWMDriver_Disable(TIM_HandleTypeDef *htim)
  22:Src/PwmDriver.c **** {
  87              		.loc 1 22 1 is_stmt 1 view -0
  88              		.cfi_startproc
  89              		@ args = 0, pretend = 0, frame = 0
  90              		@ frame_needed = 0, uses_anonymous_args = 0
  91              		.loc 1 22 1 is_stmt 0 view .LVU9
  92 0000 08B5     		push	{r3, lr}
  93              	.LCFI1:
  94              		.cfi_def_cfa_offset 8
  95              		.cfi_offset 3, -8
  96              		.cfi_offset 14, -4
  23:Src/PwmDriver.c ****   HAL_TIM_PWM_Stop_IT(htim, PWM_CHANNEL);
ARM GAS  /tmp/ccPUjtHR.s 			page 3


  97              		.loc 1 23 3 is_stmt 1 view .LVU10
  98 0002 0021     		movs	r1, #0
  99 0004 FFF7FEFF 		bl	HAL_TIM_PWM_Stop_IT
 100              	.LVL5:
  24:Src/PwmDriver.c **** }
 101              		.loc 1 24 1 is_stmt 0 view .LVU11
 102 0008 08BD     		pop	{r3, pc}
 103              		.cfi_endproc
 104              	.LFE135:
 106              		.section	.text.HAL_TIM_PWM_PulseFinishedCallback,"ax",%progbits
 107              		.align	1
 108              		.global	HAL_TIM_PWM_PulseFinishedCallback
 109              		.syntax unified
 110              		.thumb
 111              		.thumb_func
 112              		.fpu fpv4-sp-d16
 114              	HAL_TIM_PWM_PulseFinishedCallback:
 115              	.LVL6:
 116              	.LFB136:
  25:Src/PwmDriver.c **** 
  26:Src/PwmDriver.c **** void HAL_TIM_PWM_PulseFinishedCallback(TIM_HandleTypeDef *htim)
  27:Src/PwmDriver.c **** {
 117              		.loc 1 27 1 is_stmt 1 view -0
 118              		.cfi_startproc
 119              		@ args = 0, pretend = 0, frame = 0
 120              		@ frame_needed = 0, uses_anonymous_args = 0
 121              		.loc 1 27 1 is_stmt 0 view .LVU13
 122 0000 08B5     		push	{r3, lr}
 123              	.LCFI2:
 124              		.cfi_def_cfa_offset 8
 125              		.cfi_offset 3, -8
 126              		.cfi_offset 14, -4
  28:Src/PwmDriver.c **** //  printf("HAL_TIM_PWM_PulseFinishedCallback\r\n");
  29:Src/PwmDriver.c ****   HAL_GPIO_WritePin(LD3_GPIO_Port,LD3_Pin,GPIO_PIN_RESET);
 127              		.loc 1 29 3 is_stmt 1 view .LVU14
 128 0002 0022     		movs	r2, #0
 129 0004 0821     		movs	r1, #8
 130 0006 0248     		ldr	r0, .L8
 131              	.LVL7:
 132              		.loc 1 29 3 is_stmt 0 view .LVU15
 133 0008 FFF7FEFF 		bl	HAL_GPIO_WritePin
 134              	.LVL8:
  30:Src/PwmDriver.c **** }
 135              		.loc 1 30 1 view .LVU16
 136 000c 08BD     		pop	{r3, pc}
 137              	.L9:
 138 000e 00BF     		.align	2
 139              	.L8:
 140 0010 00040048 		.word	1207960576
 141              		.cfi_endproc
 142              	.LFE136:
 144              		.section	.text.HAL_TIM_PeriodElapsedCallback,"ax",%progbits
 145              		.align	1
 146              		.global	HAL_TIM_PeriodElapsedCallback
 147              		.syntax unified
 148              		.thumb
 149              		.thumb_func
ARM GAS  /tmp/ccPUjtHR.s 			page 4


 150              		.fpu fpv4-sp-d16
 152              	HAL_TIM_PeriodElapsedCallback:
 153              	.LVL9:
 154              	.LFB137:
  31:Src/PwmDriver.c **** 
  32:Src/PwmDriver.c **** void HAL_TIM_PeriodElapsedCallback(TIM_HandleTypeDef *htim)
  33:Src/PwmDriver.c **** {
 155              		.loc 1 33 1 is_stmt 1 view -0
 156              		.cfi_startproc
 157              		@ args = 0, pretend = 0, frame = 0
 158              		@ frame_needed = 0, uses_anonymous_args = 0
 159              		.loc 1 33 1 is_stmt 0 view .LVU18
 160 0000 08B5     		push	{r3, lr}
 161              	.LCFI3:
 162              		.cfi_def_cfa_offset 8
 163              		.cfi_offset 3, -8
 164              		.cfi_offset 14, -4
  34:Src/PwmDriver.c **** //  printf("HAL_TIM_PeriodElapsedCallback\r\n");
  35:Src/PwmDriver.c ****   HAL_GPIO_WritePin(LD3_GPIO_Port,LD3_Pin,GPIO_PIN_SET);
 165              		.loc 1 35 3 is_stmt 1 view .LVU19
 166 0002 0122     		movs	r2, #1
 167 0004 0821     		movs	r1, #8
 168 0006 0248     		ldr	r0, .L12
 169              	.LVL10:
 170              		.loc 1 35 3 is_stmt 0 view .LVU20
 171 0008 FFF7FEFF 		bl	HAL_GPIO_WritePin
 172              	.LVL11:
  36:Src/PwmDriver.c **** }
 173              		.loc 1 36 1 view .LVU21
 174 000c 08BD     		pop	{r3, pc}
 175              	.L13:
 176 000e 00BF     		.align	2
 177              	.L12:
 178 0010 00040048 		.word	1207960576
 179              		.cfi_endproc
 180              	.LFE137:
 182              		.section	.text.PWMDriver_ChangeFrequency,"ax",%progbits
 183              		.align	1
 184              		.global	PWMDriver_ChangeFrequency
 185              		.syntax unified
 186              		.thumb
 187              		.thumb_func
 188              		.fpu fpv4-sp-d16
 190              	PWMDriver_ChangeFrequency:
 191              	.LVL12:
 192              	.LFB138:
  37:Src/PwmDriver.c **** 
  38:Src/PwmDriver.c **** 
  39:Src/PwmDriver.c **** void PWMDriver_ChangeFrequency(TIM_HandleTypeDef *htim, uint32_t arr)
  40:Src/PwmDriver.c **** {
 193              		.loc 1 40 1 is_stmt 1 view -0
 194              		.cfi_startproc
 195              		@ args = 0, pretend = 0, frame = 0
 196              		@ frame_needed = 0, uses_anonymous_args = 0
 197              		@ link register save eliminated.
  41:Src/PwmDriver.c ****   htim->Instance->ARR = arr;
 198              		.loc 1 41 3 view .LVU23
ARM GAS  /tmp/ccPUjtHR.s 			page 5


 199              		.loc 1 41 7 is_stmt 0 view .LVU24
 200 0000 0368     		ldr	r3, [r0]
 201              		.loc 1 41 23 view .LVU25
 202 0002 D962     		str	r1, [r3, #44]
  42:Src/PwmDriver.c **** }
 203              		.loc 1 42 1 view .LVU26
 204 0004 7047     		bx	lr
 205              		.cfi_endproc
 206              	.LFE138:
 208              		.section	.text.PWMDriver_ChangeDutyCycle,"ax",%progbits
 209              		.align	1
 210              		.global	PWMDriver_ChangeDutyCycle
 211              		.syntax unified
 212              		.thumb
 213              		.thumb_func
 214              		.fpu fpv4-sp-d16
 216              	PWMDriver_ChangeDutyCycle:
 217              	.LVL13:
 218              	.LFB139:
  43:Src/PwmDriver.c **** 
  44:Src/PwmDriver.c **** void PWMDriver_ChangeDutyCycle(TIM_HandleTypeDef *htim, uint32_t duty)
  45:Src/PwmDriver.c **** {
 219              		.loc 1 45 1 is_stmt 1 view -0
 220              		.cfi_startproc
 221              		@ args = 0, pretend = 0, frame = 0
 222              		@ frame_needed = 0, uses_anonymous_args = 0
 223              		@ link register save eliminated.
  46:Src/PwmDriver.c ****   __HAL_TIM_SET_COMPARE(htim, PWM_CHANNEL, duty);
 224              		.loc 1 46 3 view .LVU28
 225 0000 0368     		ldr	r3, [r0]
 226 0002 5963     		str	r1, [r3, #52]
  47:Src/PwmDriver.c **** }
 227              		.loc 1 47 1 is_stmt 0 view .LVU29
 228 0004 7047     		bx	lr
 229              		.cfi_endproc
 230              	.LFE139:
 232              		.text
 233              	.Letext0:
 234              		.file 2 "/usr/arm-none-eabi/include/machine/_default_types.h"
 235              		.file 3 "/usr/arm-none-eabi/include/sys/_stdint.h"
 236              		.file 4 "Drivers/CMSIS/Device/ST/STM32L4xx/Include/stm32l432xx.h"
 237              		.file 5 "Drivers/STM32L4xx_HAL_Driver/Inc/stm32l4xx_hal_def.h"
 238              		.file 6 "Drivers/STM32L4xx_HAL_Driver/Inc/stm32l4xx_hal_gpio.h"
 239              		.file 7 "Drivers/STM32L4xx_HAL_Driver/Inc/stm32l4xx_hal_dma.h"
 240              		.file 8 "Drivers/STM32L4xx_HAL_Driver/Inc/stm32l4xx_hal_tim.h"
ARM GAS  /tmp/ccPUjtHR.s 			page 6


DEFINED SYMBOLS
                            *ABS*:0000000000000000 PwmDriver.c
     /tmp/ccPUjtHR.s:18     .text.PWMDriver_init:0000000000000000 $t
     /tmp/ccPUjtHR.s:26     .text.PWMDriver_init:0000000000000000 PWMDriver_init
     /tmp/ccPUjtHR.s:41     .text.PWMDriver_Enable:0000000000000000 $t
     /tmp/ccPUjtHR.s:48     .text.PWMDriver_Enable:0000000000000000 PWMDriver_Enable
     /tmp/ccPUjtHR.s:77     .text.PWMDriver_Disable:0000000000000000 $t
     /tmp/ccPUjtHR.s:84     .text.PWMDriver_Disable:0000000000000000 PWMDriver_Disable
     /tmp/ccPUjtHR.s:107    .text.HAL_TIM_PWM_PulseFinishedCallback:0000000000000000 $t
     /tmp/ccPUjtHR.s:114    .text.HAL_TIM_PWM_PulseFinishedCallback:0000000000000000 HAL_TIM_PWM_PulseFinishedCallback
     /tmp/ccPUjtHR.s:140    .text.HAL_TIM_PWM_PulseFinishedCallback:0000000000000010 $d
     /tmp/ccPUjtHR.s:145    .text.HAL_TIM_PeriodElapsedCallback:0000000000000000 $t
     /tmp/ccPUjtHR.s:152    .text.HAL_TIM_PeriodElapsedCallback:0000000000000000 HAL_TIM_PeriodElapsedCallback
     /tmp/ccPUjtHR.s:178    .text.HAL_TIM_PeriodElapsedCallback:0000000000000010 $d
     /tmp/ccPUjtHR.s:183    .text.PWMDriver_ChangeFrequency:0000000000000000 $t
     /tmp/ccPUjtHR.s:190    .text.PWMDriver_ChangeFrequency:0000000000000000 PWMDriver_ChangeFrequency
     /tmp/ccPUjtHR.s:209    .text.PWMDriver_ChangeDutyCycle:0000000000000000 $t
     /tmp/ccPUjtHR.s:216    .text.PWMDriver_ChangeDutyCycle:0000000000000000 PWMDriver_ChangeDutyCycle

UNDEFINED SYMBOLS
HAL_TIM_Base_Start_IT
HAL_TIM_PWM_Start_IT
HAL_TIM_PWM_Stop_IT
HAL_GPIO_WritePin
