ARM GAS  /tmp/ccbmqv8s.s 			page 1


   1              		.cpu cortex-m4
   2              		.eabi_attribute 27, 1
   3              		.eabi_attribute 28, 1
   4              		.eabi_attribute 20, 1
   5              		.eabi_attribute 21, 1
   6              		.eabi_attribute 23, 3
   7              		.eabi_attribute 24, 1
   8              		.eabi_attribute 25, 1
   9              		.eabi_attribute 26, 1
  10              		.eabi_attribute 30, 1
  11              		.eabi_attribute 34, 1
  12              		.eabi_attribute 18, 4
  13              		.file	"usart.c"
  14              		.text
  15              	.Ltext0:
  16              		.cfi_sections	.debug_frame
  17              		.section	.text.MX_USART2_UART_Init,"ax",%progbits
  18              		.align	1
  19              		.global	MX_USART2_UART_Init
  20              		.arch armv7e-m
  21              		.syntax unified
  22              		.thumb
  23              		.thumb_func
  24              		.fpu fpv4-sp-d16
  26              	MX_USART2_UART_Init:
  27              	.LFB130:
  28              		.file 1 "Src/usart.c"
   1:Src/usart.c   **** /**
   2:Src/usart.c   ****   ******************************************************************************
   3:Src/usart.c   ****   * File Name          : USART.c
   4:Src/usart.c   ****   * Description        : This file provides code for the configuration
   5:Src/usart.c   ****   *                      of the USART instances.
   6:Src/usart.c   ****   ******************************************************************************
   7:Src/usart.c   ****   * @attention
   8:Src/usart.c   ****   *
   9:Src/usart.c   ****   * <h2><center>&copy; Copyright (c) 2020 STMicroelectronics.
  10:Src/usart.c   ****   * All rights reserved.</center></h2>
  11:Src/usart.c   ****   *
  12:Src/usart.c   ****   * This software component is licensed by ST under BSD 3-Clause license,
  13:Src/usart.c   ****   * the "License"; You may not use this file except in compliance with the
  14:Src/usart.c   ****   * License. You may obtain a copy of the License at:
  15:Src/usart.c   ****   *                        opensource.org/licenses/BSD-3-Clause
  16:Src/usart.c   ****   *
  17:Src/usart.c   ****   ******************************************************************************
  18:Src/usart.c   ****   */
  19:Src/usart.c   **** 
  20:Src/usart.c   **** /* Includes ------------------------------------------------------------------*/
  21:Src/usart.c   **** #include "usart.h"
  22:Src/usart.c   **** 
  23:Src/usart.c   **** /* USER CODE BEGIN 0 */
  24:Src/usart.c   **** 
  25:Src/usart.c   **** /* USER CODE END 0 */
  26:Src/usart.c   **** 
  27:Src/usart.c   **** UART_HandleTypeDef huart2;
  28:Src/usart.c   **** 
  29:Src/usart.c   **** /* USART2 init function */
  30:Src/usart.c   **** 
ARM GAS  /tmp/ccbmqv8s.s 			page 2


  31:Src/usart.c   **** void MX_USART2_UART_Init(void)
  32:Src/usart.c   **** {
  29              		.loc 1 32 1 view -0
  30              		.cfi_startproc
  31              		@ args = 0, pretend = 0, frame = 0
  32              		@ frame_needed = 0, uses_anonymous_args = 0
  33 0000 08B5     		push	{r3, lr}
  34              	.LCFI0:
  35              		.cfi_def_cfa_offset 8
  36              		.cfi_offset 3, -8
  37              		.cfi_offset 14, -4
  33:Src/usart.c   **** 
  34:Src/usart.c   ****   huart2.Instance = USART2;
  38              		.loc 1 34 3 view .LVU1
  39              		.loc 1 34 19 is_stmt 0 view .LVU2
  40 0002 0B48     		ldr	r0, .L5
  41 0004 0B4B     		ldr	r3, .L5+4
  42 0006 0360     		str	r3, [r0]
  35:Src/usart.c   ****   huart2.Init.BaudRate = 115200;
  43              		.loc 1 35 3 is_stmt 1 view .LVU3
  44              		.loc 1 35 24 is_stmt 0 view .LVU4
  45 0008 4FF4E133 		mov	r3, #115200
  46 000c 4360     		str	r3, [r0, #4]
  36:Src/usart.c   ****   huart2.Init.WordLength = UART_WORDLENGTH_8B;
  47              		.loc 1 36 3 is_stmt 1 view .LVU5
  48              		.loc 1 36 26 is_stmt 0 view .LVU6
  49 000e 0023     		movs	r3, #0
  50 0010 8360     		str	r3, [r0, #8]
  37:Src/usart.c   ****   huart2.Init.StopBits = UART_STOPBITS_1;
  51              		.loc 1 37 3 is_stmt 1 view .LVU7
  52              		.loc 1 37 24 is_stmt 0 view .LVU8
  53 0012 C360     		str	r3, [r0, #12]
  38:Src/usart.c   ****   huart2.Init.Parity = UART_PARITY_NONE;
  54              		.loc 1 38 3 is_stmt 1 view .LVU9
  55              		.loc 1 38 22 is_stmt 0 view .LVU10
  56 0014 0361     		str	r3, [r0, #16]
  39:Src/usart.c   ****   huart2.Init.Mode = UART_MODE_TX_RX;
  57              		.loc 1 39 3 is_stmt 1 view .LVU11
  58              		.loc 1 39 20 is_stmt 0 view .LVU12
  59 0016 0C22     		movs	r2, #12
  60 0018 4261     		str	r2, [r0, #20]
  40:Src/usart.c   ****   huart2.Init.HwFlowCtl = UART_HWCONTROL_NONE;
  61              		.loc 1 40 3 is_stmt 1 view .LVU13
  62              		.loc 1 40 25 is_stmt 0 view .LVU14
  63 001a 8361     		str	r3, [r0, #24]
  41:Src/usart.c   ****   huart2.Init.OverSampling = UART_OVERSAMPLING_16;
  64              		.loc 1 41 3 is_stmt 1 view .LVU15
  65              		.loc 1 41 28 is_stmt 0 view .LVU16
  66 001c C361     		str	r3, [r0, #28]
  42:Src/usart.c   ****   huart2.Init.OneBitSampling = UART_ONE_BIT_SAMPLE_DISABLE;
  67              		.loc 1 42 3 is_stmt 1 view .LVU17
  68              		.loc 1 42 30 is_stmt 0 view .LVU18
  69 001e 0362     		str	r3, [r0, #32]
  43:Src/usart.c   ****   huart2.AdvancedInit.AdvFeatureInit = UART_ADVFEATURE_NO_INIT;
  70              		.loc 1 43 3 is_stmt 1 view .LVU19
  71              		.loc 1 43 38 is_stmt 0 view .LVU20
  72 0020 4362     		str	r3, [r0, #36]
ARM GAS  /tmp/ccbmqv8s.s 			page 3


  44:Src/usart.c   ****   if (HAL_UART_Init(&huart2) != HAL_OK)
  73              		.loc 1 44 3 is_stmt 1 view .LVU21
  74              		.loc 1 44 7 is_stmt 0 view .LVU22
  75 0022 FFF7FEFF 		bl	HAL_UART_Init
  76              	.LVL0:
  77              		.loc 1 44 6 view .LVU23
  78 0026 00B9     		cbnz	r0, .L4
  79              	.L1:
  45:Src/usart.c   ****   {
  46:Src/usart.c   ****     Error_Handler();
  47:Src/usart.c   ****   }
  48:Src/usart.c   **** 
  49:Src/usart.c   **** }
  80              		.loc 1 49 1 view .LVU24
  81 0028 08BD     		pop	{r3, pc}
  82              	.L4:
  46:Src/usart.c   ****   }
  83              		.loc 1 46 5 is_stmt 1 view .LVU25
  84 002a FFF7FEFF 		bl	Error_Handler
  85              	.LVL1:
  86              		.loc 1 49 1 is_stmt 0 view .LVU26
  87 002e FBE7     		b	.L1
  88              	.L6:
  89              		.align	2
  90              	.L5:
  91 0030 00000000 		.word	.LANCHOR0
  92 0034 00440040 		.word	1073759232
  93              		.cfi_endproc
  94              	.LFE130:
  96              		.section	.text.HAL_UART_MspInit,"ax",%progbits
  97              		.align	1
  98              		.global	HAL_UART_MspInit
  99              		.syntax unified
 100              		.thumb
 101              		.thumb_func
 102              		.fpu fpv4-sp-d16
 104              	HAL_UART_MspInit:
 105              	.LVL2:
 106              	.LFB131:
  50:Src/usart.c   **** 
  51:Src/usart.c   **** void HAL_UART_MspInit(UART_HandleTypeDef* uartHandle)
  52:Src/usart.c   **** {
 107              		.loc 1 52 1 is_stmt 1 view -0
 108              		.cfi_startproc
 109              		@ args = 0, pretend = 0, frame = 32
 110              		@ frame_needed = 0, uses_anonymous_args = 0
 111              		.loc 1 52 1 is_stmt 0 view .LVU28
 112 0000 30B5     		push	{r4, r5, lr}
 113              	.LCFI1:
 114              		.cfi_def_cfa_offset 12
 115              		.cfi_offset 4, -12
 116              		.cfi_offset 5, -8
 117              		.cfi_offset 14, -4
 118 0002 89B0     		sub	sp, sp, #36
 119              	.LCFI2:
 120              		.cfi_def_cfa_offset 48
  53:Src/usart.c   **** 
ARM GAS  /tmp/ccbmqv8s.s 			page 4


  54:Src/usart.c   ****   GPIO_InitTypeDef GPIO_InitStruct = {0};
 121              		.loc 1 54 3 is_stmt 1 view .LVU29
 122              		.loc 1 54 20 is_stmt 0 view .LVU30
 123 0004 0023     		movs	r3, #0
 124 0006 0393     		str	r3, [sp, #12]
 125 0008 0493     		str	r3, [sp, #16]
 126 000a 0593     		str	r3, [sp, #20]
 127 000c 0693     		str	r3, [sp, #24]
 128 000e 0793     		str	r3, [sp, #28]
  55:Src/usart.c   ****   if(uartHandle->Instance==USART2)
 129              		.loc 1 55 3 is_stmt 1 view .LVU31
 130              		.loc 1 55 16 is_stmt 0 view .LVU32
 131 0010 0268     		ldr	r2, [r0]
 132              		.loc 1 55 5 view .LVU33
 133 0012 1A4B     		ldr	r3, .L11
 134 0014 9A42     		cmp	r2, r3
 135 0016 01D0     		beq	.L10
 136              	.LVL3:
 137              	.L7:
  56:Src/usart.c   ****   {
  57:Src/usart.c   ****   /* USER CODE BEGIN USART2_MspInit 0 */
  58:Src/usart.c   **** 
  59:Src/usart.c   ****   /* USER CODE END USART2_MspInit 0 */
  60:Src/usart.c   ****     /* USART2 clock enable */
  61:Src/usart.c   ****     __HAL_RCC_USART2_CLK_ENABLE();
  62:Src/usart.c   ****   
  63:Src/usart.c   ****     __HAL_RCC_GPIOA_CLK_ENABLE();
  64:Src/usart.c   ****     /**USART2 GPIO Configuration    
  65:Src/usart.c   ****     PA2     ------> USART2_TX
  66:Src/usart.c   ****     PA15 (JTDI)     ------> USART2_RX 
  67:Src/usart.c   ****     */
  68:Src/usart.c   ****     GPIO_InitStruct.Pin = VCP_TX_Pin;
  69:Src/usart.c   ****     GPIO_InitStruct.Mode = GPIO_MODE_AF_PP;
  70:Src/usart.c   ****     GPIO_InitStruct.Pull = GPIO_NOPULL;
  71:Src/usart.c   ****     GPIO_InitStruct.Speed = GPIO_SPEED_FREQ_VERY_HIGH;
  72:Src/usart.c   ****     GPIO_InitStruct.Alternate = GPIO_AF7_USART2;
  73:Src/usart.c   ****     HAL_GPIO_Init(VCP_TX_GPIO_Port, &GPIO_InitStruct);
  74:Src/usart.c   **** 
  75:Src/usart.c   ****     GPIO_InitStruct.Pin = VCP_RX_Pin;
  76:Src/usart.c   ****     GPIO_InitStruct.Mode = GPIO_MODE_AF_PP;
  77:Src/usart.c   ****     GPIO_InitStruct.Pull = GPIO_NOPULL;
  78:Src/usart.c   ****     GPIO_InitStruct.Speed = GPIO_SPEED_FREQ_VERY_HIGH;
  79:Src/usart.c   ****     GPIO_InitStruct.Alternate = GPIO_AF3_USART2;
  80:Src/usart.c   ****     HAL_GPIO_Init(VCP_RX_GPIO_Port, &GPIO_InitStruct);
  81:Src/usart.c   **** 
  82:Src/usart.c   ****   /* USER CODE BEGIN USART2_MspInit 1 */
  83:Src/usart.c   **** 
  84:Src/usart.c   ****   /* USER CODE END USART2_MspInit 1 */
  85:Src/usart.c   ****   }
  86:Src/usart.c   **** }
 138              		.loc 1 86 1 view .LVU34
 139 0018 09B0     		add	sp, sp, #36
 140              	.LCFI3:
 141              		.cfi_remember_state
 142              		.cfi_def_cfa_offset 12
 143              		@ sp needed
 144 001a 30BD     		pop	{r4, r5, pc}
ARM GAS  /tmp/ccbmqv8s.s 			page 5


 145              	.LVL4:
 146              	.L10:
 147              	.LCFI4:
 148              		.cfi_restore_state
  61:Src/usart.c   ****   
 149              		.loc 1 61 5 is_stmt 1 view .LVU35
 150              	.LBB2:
  61:Src/usart.c   ****   
 151              		.loc 1 61 5 view .LVU36
  61:Src/usart.c   ****   
 152              		.loc 1 61 5 view .LVU37
 153 001c 03F5E633 		add	r3, r3, #117760
 154 0020 9A6D     		ldr	r2, [r3, #88]
 155 0022 42F40032 		orr	r2, r2, #131072
 156 0026 9A65     		str	r2, [r3, #88]
  61:Src/usart.c   ****   
 157              		.loc 1 61 5 view .LVU38
 158 0028 9A6D     		ldr	r2, [r3, #88]
 159 002a 02F40032 		and	r2, r2, #131072
 160 002e 0192     		str	r2, [sp, #4]
  61:Src/usart.c   ****   
 161              		.loc 1 61 5 view .LVU39
 162 0030 019A     		ldr	r2, [sp, #4]
 163              	.LBE2:
  61:Src/usart.c   ****   
 164              		.loc 1 61 5 view .LVU40
  63:Src/usart.c   ****     /**USART2 GPIO Configuration    
 165              		.loc 1 63 5 view .LVU41
 166              	.LBB3:
  63:Src/usart.c   ****     /**USART2 GPIO Configuration    
 167              		.loc 1 63 5 view .LVU42
  63:Src/usart.c   ****     /**USART2 GPIO Configuration    
 168              		.loc 1 63 5 view .LVU43
 169 0032 DA6C     		ldr	r2, [r3, #76]
 170 0034 42F00102 		orr	r2, r2, #1
 171 0038 DA64     		str	r2, [r3, #76]
  63:Src/usart.c   ****     /**USART2 GPIO Configuration    
 172              		.loc 1 63 5 view .LVU44
 173 003a DB6C     		ldr	r3, [r3, #76]
 174 003c 03F00103 		and	r3, r3, #1
 175 0040 0293     		str	r3, [sp, #8]
  63:Src/usart.c   ****     /**USART2 GPIO Configuration    
 176              		.loc 1 63 5 view .LVU45
 177 0042 029B     		ldr	r3, [sp, #8]
 178              	.LBE3:
  63:Src/usart.c   ****     /**USART2 GPIO Configuration    
 179              		.loc 1 63 5 view .LVU46
  68:Src/usart.c   ****     GPIO_InitStruct.Mode = GPIO_MODE_AF_PP;
 180              		.loc 1 68 5 view .LVU47
  68:Src/usart.c   ****     GPIO_InitStruct.Mode = GPIO_MODE_AF_PP;
 181              		.loc 1 68 25 is_stmt 0 view .LVU48
 182 0044 0423     		movs	r3, #4
 183 0046 0393     		str	r3, [sp, #12]
  69:Src/usart.c   ****     GPIO_InitStruct.Pull = GPIO_NOPULL;
 184              		.loc 1 69 5 is_stmt 1 view .LVU49
  69:Src/usart.c   ****     GPIO_InitStruct.Pull = GPIO_NOPULL;
 185              		.loc 1 69 26 is_stmt 0 view .LVU50
ARM GAS  /tmp/ccbmqv8s.s 			page 6


 186 0048 0225     		movs	r5, #2
 187 004a 0495     		str	r5, [sp, #16]
  70:Src/usart.c   ****     GPIO_InitStruct.Speed = GPIO_SPEED_FREQ_VERY_HIGH;
 188              		.loc 1 70 5 is_stmt 1 view .LVU51
  71:Src/usart.c   ****     GPIO_InitStruct.Alternate = GPIO_AF7_USART2;
 189              		.loc 1 71 5 view .LVU52
  71:Src/usart.c   ****     GPIO_InitStruct.Alternate = GPIO_AF7_USART2;
 190              		.loc 1 71 27 is_stmt 0 view .LVU53
 191 004c 0324     		movs	r4, #3
 192 004e 0694     		str	r4, [sp, #24]
  72:Src/usart.c   ****     HAL_GPIO_Init(VCP_TX_GPIO_Port, &GPIO_InitStruct);
 193              		.loc 1 72 5 is_stmt 1 view .LVU54
  72:Src/usart.c   ****     HAL_GPIO_Init(VCP_TX_GPIO_Port, &GPIO_InitStruct);
 194              		.loc 1 72 31 is_stmt 0 view .LVU55
 195 0050 0723     		movs	r3, #7
 196 0052 0793     		str	r3, [sp, #28]
  73:Src/usart.c   **** 
 197              		.loc 1 73 5 is_stmt 1 view .LVU56
 198 0054 03A9     		add	r1, sp, #12
 199 0056 4FF09040 		mov	r0, #1207959552
 200              	.LVL5:
  73:Src/usart.c   **** 
 201              		.loc 1 73 5 is_stmt 0 view .LVU57
 202 005a FFF7FEFF 		bl	HAL_GPIO_Init
 203              	.LVL6:
  75:Src/usart.c   ****     GPIO_InitStruct.Mode = GPIO_MODE_AF_PP;
 204              		.loc 1 75 5 is_stmt 1 view .LVU58
  75:Src/usart.c   ****     GPIO_InitStruct.Mode = GPIO_MODE_AF_PP;
 205              		.loc 1 75 25 is_stmt 0 view .LVU59
 206 005e 4FF40043 		mov	r3, #32768
 207 0062 0393     		str	r3, [sp, #12]
  76:Src/usart.c   ****     GPIO_InitStruct.Pull = GPIO_NOPULL;
 208              		.loc 1 76 5 is_stmt 1 view .LVU60
  76:Src/usart.c   ****     GPIO_InitStruct.Pull = GPIO_NOPULL;
 209              		.loc 1 76 26 is_stmt 0 view .LVU61
 210 0064 0495     		str	r5, [sp, #16]
  77:Src/usart.c   ****     GPIO_InitStruct.Speed = GPIO_SPEED_FREQ_VERY_HIGH;
 211              		.loc 1 77 5 is_stmt 1 view .LVU62
  77:Src/usart.c   ****     GPIO_InitStruct.Speed = GPIO_SPEED_FREQ_VERY_HIGH;
 212              		.loc 1 77 26 is_stmt 0 view .LVU63
 213 0066 0023     		movs	r3, #0
 214 0068 0593     		str	r3, [sp, #20]
  78:Src/usart.c   ****     GPIO_InitStruct.Alternate = GPIO_AF3_USART2;
 215              		.loc 1 78 5 is_stmt 1 view .LVU64
  78:Src/usart.c   ****     GPIO_InitStruct.Alternate = GPIO_AF3_USART2;
 216              		.loc 1 78 27 is_stmt 0 view .LVU65
 217 006a 0694     		str	r4, [sp, #24]
  79:Src/usart.c   ****     HAL_GPIO_Init(VCP_RX_GPIO_Port, &GPIO_InitStruct);
 218              		.loc 1 79 5 is_stmt 1 view .LVU66
  79:Src/usart.c   ****     HAL_GPIO_Init(VCP_RX_GPIO_Port, &GPIO_InitStruct);
 219              		.loc 1 79 31 is_stmt 0 view .LVU67
 220 006c 0794     		str	r4, [sp, #28]
  80:Src/usart.c   **** 
 221              		.loc 1 80 5 is_stmt 1 view .LVU68
 222 006e 03A9     		add	r1, sp, #12
 223 0070 4FF09040 		mov	r0, #1207959552
 224 0074 FFF7FEFF 		bl	HAL_GPIO_Init
ARM GAS  /tmp/ccbmqv8s.s 			page 7


 225              	.LVL7:
 226              		.loc 1 86 1 is_stmt 0 view .LVU69
 227 0078 CEE7     		b	.L7
 228              	.L12:
 229 007a 00BF     		.align	2
 230              	.L11:
 231 007c 00440040 		.word	1073759232
 232              		.cfi_endproc
 233              	.LFE131:
 235              		.section	.text.HAL_UART_MspDeInit,"ax",%progbits
 236              		.align	1
 237              		.global	HAL_UART_MspDeInit
 238              		.syntax unified
 239              		.thumb
 240              		.thumb_func
 241              		.fpu fpv4-sp-d16
 243              	HAL_UART_MspDeInit:
 244              	.LVL8:
 245              	.LFB132:
  87:Src/usart.c   **** 
  88:Src/usart.c   **** void HAL_UART_MspDeInit(UART_HandleTypeDef* uartHandle)
  89:Src/usart.c   **** {
 246              		.loc 1 89 1 is_stmt 1 view -0
 247              		.cfi_startproc
 248              		@ args = 0, pretend = 0, frame = 0
 249              		@ frame_needed = 0, uses_anonymous_args = 0
 250              		.loc 1 89 1 is_stmt 0 view .LVU71
 251 0000 08B5     		push	{r3, lr}
 252              	.LCFI5:
 253              		.cfi_def_cfa_offset 8
 254              		.cfi_offset 3, -8
 255              		.cfi_offset 14, -4
  90:Src/usart.c   **** 
  91:Src/usart.c   ****   if(uartHandle->Instance==USART2)
 256              		.loc 1 91 3 is_stmt 1 view .LVU72
 257              		.loc 1 91 16 is_stmt 0 view .LVU73
 258 0002 0268     		ldr	r2, [r0]
 259              		.loc 1 91 5 view .LVU74
 260 0004 074B     		ldr	r3, .L17
 261 0006 9A42     		cmp	r2, r3
 262 0008 00D0     		beq	.L16
 263              	.LVL9:
 264              	.L13:
  92:Src/usart.c   ****   {
  93:Src/usart.c   ****   /* USER CODE BEGIN USART2_MspDeInit 0 */
  94:Src/usart.c   **** 
  95:Src/usart.c   ****   /* USER CODE END USART2_MspDeInit 0 */
  96:Src/usart.c   ****     /* Peripheral clock disable */
  97:Src/usart.c   ****     __HAL_RCC_USART2_CLK_DISABLE();
  98:Src/usart.c   ****   
  99:Src/usart.c   ****     /**USART2 GPIO Configuration    
 100:Src/usart.c   ****     PA2     ------> USART2_TX
 101:Src/usart.c   ****     PA15 (JTDI)     ------> USART2_RX 
 102:Src/usart.c   ****     */
 103:Src/usart.c   ****     HAL_GPIO_DeInit(GPIOA, VCP_TX_Pin|VCP_RX_Pin);
 104:Src/usart.c   **** 
 105:Src/usart.c   ****   /* USER CODE BEGIN USART2_MspDeInit 1 */
ARM GAS  /tmp/ccbmqv8s.s 			page 8


 106:Src/usart.c   **** 
 107:Src/usart.c   ****   /* USER CODE END USART2_MspDeInit 1 */
 108:Src/usart.c   ****   }
 109:Src/usart.c   **** } 
 265              		.loc 1 109 1 view .LVU75
 266 000a 08BD     		pop	{r3, pc}
 267              	.LVL10:
 268              	.L16:
  97:Src/usart.c   ****   
 269              		.loc 1 97 5 is_stmt 1 view .LVU76
 270 000c 064A     		ldr	r2, .L17+4
 271 000e 936D     		ldr	r3, [r2, #88]
 272 0010 23F40033 		bic	r3, r3, #131072
 273 0014 9365     		str	r3, [r2, #88]
 103:Src/usart.c   **** 
 274              		.loc 1 103 5 view .LVU77
 275 0016 48F20401 		movw	r1, #32772
 276 001a 4FF09040 		mov	r0, #1207959552
 277              	.LVL11:
 103:Src/usart.c   **** 
 278              		.loc 1 103 5 is_stmt 0 view .LVU78
 279 001e FFF7FEFF 		bl	HAL_GPIO_DeInit
 280              	.LVL12:
 281              		.loc 1 109 1 view .LVU79
 282 0022 F2E7     		b	.L13
 283              	.L18:
 284              		.align	2
 285              	.L17:
 286 0024 00440040 		.word	1073759232
 287 0028 00100240 		.word	1073876992
 288              		.cfi_endproc
 289              	.LFE132:
 291              		.global	huart2
 292              		.section	.bss.huart2,"aw",%nobits
 293              		.align	2
 294              		.set	.LANCHOR0,. + 0
 297              	huart2:
 298 0000 00000000 		.space	128
 298      00000000 
 298      00000000 
 298      00000000 
 298      00000000 
 299              		.text
 300              	.Letext0:
 301              		.file 2 "/usr/arm-none-eabi/include/machine/_default_types.h"
 302              		.file 3 "/usr/arm-none-eabi/include/sys/_stdint.h"
 303              		.file 4 "Drivers/CMSIS/Device/ST/STM32L4xx/Include/stm32l432xx.h"
 304              		.file 5 "Drivers/STM32L4xx_HAL_Driver/Inc/stm32l4xx_hal_def.h"
 305              		.file 6 "Drivers/STM32L4xx_HAL_Driver/Inc/stm32l4xx_hal_gpio.h"
 306              		.file 7 "Drivers/STM32L4xx_HAL_Driver/Inc/stm32l4xx_hal_dma.h"
 307              		.file 8 "Drivers/STM32L4xx_HAL_Driver/Inc/stm32l4xx_hal_uart.h"
 308              		.file 9 "Inc/main.h"
 309              		.file 10 "Inc/usart.h"
ARM GAS  /tmp/ccbmqv8s.s 			page 9


DEFINED SYMBOLS
                            *ABS*:0000000000000000 usart.c
     /tmp/ccbmqv8s.s:18     .text.MX_USART2_UART_Init:0000000000000000 $t
     /tmp/ccbmqv8s.s:26     .text.MX_USART2_UART_Init:0000000000000000 MX_USART2_UART_Init
     /tmp/ccbmqv8s.s:91     .text.MX_USART2_UART_Init:0000000000000030 $d
     /tmp/ccbmqv8s.s:97     .text.HAL_UART_MspInit:0000000000000000 $t
     /tmp/ccbmqv8s.s:104    .text.HAL_UART_MspInit:0000000000000000 HAL_UART_MspInit
     /tmp/ccbmqv8s.s:231    .text.HAL_UART_MspInit:000000000000007c $d
     /tmp/ccbmqv8s.s:236    .text.HAL_UART_MspDeInit:0000000000000000 $t
     /tmp/ccbmqv8s.s:243    .text.HAL_UART_MspDeInit:0000000000000000 HAL_UART_MspDeInit
     /tmp/ccbmqv8s.s:286    .text.HAL_UART_MspDeInit:0000000000000024 $d
     /tmp/ccbmqv8s.s:297    .bss.huart2:0000000000000000 huart2
     /tmp/ccbmqv8s.s:293    .bss.huart2:0000000000000000 $d

UNDEFINED SYMBOLS
HAL_UART_Init
Error_Handler
HAL_GPIO_Init
HAL_GPIO_DeInit
